-------------------------------------------------------------------------------
Test set: com.facebank.usersupport.UserSupportControllerTest
-------------------------------------------------------------------------------
Tests run: 1, Failures: 0, Errors: 1, Skipped: 0, Time elapsed: 0 s <<< FAILURE! - in com.facebank.usersupport.UserSupportControllerTest
initializationError(com.facebank.usersupport.UserSupportControllerTest)  Time elapsed: 0 s  <<< ERROR!
java.lang.Exception: No runnable methods

