-------------------------------------------------------------------------------
Test set: com.facebank.usersupport.UsersupportApplicationTests
-------------------------------------------------------------------------------
Tests run: 1, Failures: 0, Errors: 1, Skipped: 0, Time elapsed: 3.12 s <<< FAILURE! - in com.facebank.usersupport.UsersupportApplicationTests
contextLoads(com.facebank.usersupport.UsersupportApplicationTests)  Time elapsed: 0.014 s  <<< ERROR!
java.lang.IllegalStateException: Failed to load ApplicationContext
Caused by: org.springframework.beans.factory.UnsatisfiedDependencyException: Error creating bean with name 'userSupportController': Unsatisfied dependency expressed through field 'userMainService'; nested exception is org.springframework.beans.factory.UnsatisfiedDependencyException: Error creating bean with name 'userMainServiceImpl': Unsatisfied dependency expressed through field 'userMainReadMapper'; nested exception is org.springframework.beans.factory.BeanCreationException: Error creating bean with name 'userMainReadMapper' defined in file [/Users/yanghl/workspace-usersupport/target/classes/com/facebank/usersupport/mapper/usersupport/read/UserMainReadMapper.class]: Cannot resolve reference to bean 'sqlSessionTemplateUserSupportRead' while setting bean property 'sqlSessionTemplate'; nested exception is org.springframework.beans.factory.UnsatisfiedDependencyException: Error creating bean with name 'sqlSessionTemplateUserSupportRead' defined in class path resource [com/facebank/usersupport/config/DataSourceUserPrimaryRead.class]: Unsatisfied dependency expressed through method 'sqlSessionTemplateUserPrimaryRead' parameter 0; nested exception is org.springframework.beans.factory.UnsatisfiedDependencyException: Error creating bean with name 'sqlSessionFactoryP2PRead' defined in class path resource [com/facebank/usersupport/config/DataSourceP2PPrimaryRead.class]: Unsatisfied dependency expressed through method 'sqlSessionFactoryUserPrimaryRead' parameter 0; nested exception is org.springframework.beans.factory.BeanCreationException: Error creating bean with name 'dsP2PRead' defined in class path resource [com/facebank/usersupport/config/DataSourceP2PPrimaryRead.class]: Initialization of bean failed; nested exception is org.springframework.beans.factory.UnsatisfiedDependencyException: Error creating bean with name 'org.springframework.boot.autoconfigure.jdbc.DataSourceInitializerInvoker': Unsatisfied dependency expressed through constructor parameter 1; nested exception is org.springframework.beans.factory.NoUniqueBeanDefinitionException: No qualifying bean of type 'org.springframework.boot.autoconfigure.jdbc.DataSourceProperties' available: more than one 'primary' bean found among candidates: [dataSourcePropertiesP2PRead, dataSourcePropertiesUserSupportRead, dataSourcePropertiesUserSupportWrite, dataSourcePropertiesUserSupport, spring.datasource-org.springframework.boot.autoconfigure.jdbc.DataSourceProperties]
Caused by: org.springframework.beans.factory.UnsatisfiedDependencyException: Error creating bean with name 'userMainServiceImpl': Unsatisfied dependency expressed through field 'userMainReadMapper'; nested exception is org.springframework.beans.factory.BeanCreationException: Error creating bean with name 'userMainReadMapper' defined in file [/Users/yanghl/workspace-usersupport/target/classes/com/facebank/usersupport/mapper/usersupport/read/UserMainReadMapper.class]: Cannot resolve reference to bean 'sqlSessionTemplateUserSupportRead' while setting bean property 'sqlSessionTemplate'; nested exception is org.springframework.beans.factory.UnsatisfiedDependencyException: Error creating bean with name 'sqlSessionTemplateUserSupportRead' defined in class path resource [com/facebank/usersupport/config/DataSourceUserPrimaryRead.class]: Unsatisfied dependency expressed through method 'sqlSessionTemplateUserPrimaryRead' parameter 0; nested exception is org.springframework.beans.factory.UnsatisfiedDependencyException: Error creating bean with name 'sqlSessionFactoryP2PRead' defined in class path resource [com/facebank/usersupport/config/DataSourceP2PPrimaryRead.class]: Unsatisfied dependency expressed through method 'sqlSessionFactoryUserPrimaryRead' parameter 0; nested exception is org.springframework.beans.factory.BeanCreationException: Error creating bean with name 'dsP2PRead' defined in class path resource [com/facebank/usersupport/config/DataSourceP2PPrimaryRead.class]: Initialization of bean failed; nested exception is org.springframework.beans.factory.UnsatisfiedDependencyException: Error creating bean with name 'org.springframework.boot.autoconfigure.jdbc.DataSourceInitializerInvoker': Unsatisfied dependency expressed through constructor parameter 1; nested exception is org.springframework.beans.factory.NoUniqueBeanDefinitionException: No qualifying bean of type 'org.springframework.boot.autoconfigure.jdbc.DataSourceProperties' available: more than one 'primary' bean found among candidates: [dataSourcePropertiesP2PRead, dataSourcePropertiesUserSupportRead, dataSourcePropertiesUserSupportWrite, dataSourcePropertiesUserSupport, spring.datasource-org.springframework.boot.autoconfigure.jdbc.DataSourceProperties]
Caused by: org.springframework.beans.factory.BeanCreationException: Error creating bean with name 'userMainReadMapper' defined in file [/Users/yanghl/workspace-usersupport/target/classes/com/facebank/usersupport/mapper/usersupport/read/UserMainReadMapper.class]: Cannot resolve reference to bean 'sqlSessionTemplateUserSupportRead' while setting bean property 'sqlSessionTemplate'; nested exception is org.springframework.beans.factory.UnsatisfiedDependencyException: Error creating bean with name 'sqlSessionTemplateUserSupportRead' defined in class path resource [com/facebank/usersupport/config/DataSourceUserPrimaryRead.class]: Unsatisfied dependency expressed through method 'sqlSessionTemplateUserPrimaryRead' parameter 0; nested exception is org.springframework.beans.factory.UnsatisfiedDependencyException: Error creating bean with name 'sqlSessionFactoryP2PRead' defined in class path resource [com/facebank/usersupport/config/DataSourceP2PPrimaryRead.class]: Unsatisfied dependency expressed through method 'sqlSessionFactoryUserPrimaryRead' parameter 0; nested exception is org.springframework.beans.factory.BeanCreationException: Error creating bean with name 'dsP2PRead' defined in class path resource [com/facebank/usersupport/config/DataSourceP2PPrimaryRead.class]: Initialization of bean failed; nested exception is org.springframework.beans.factory.UnsatisfiedDependencyException: Error creating bean with name 'org.springframework.boot.autoconfigure.jdbc.DataSourceInitializerInvoker': Unsatisfied dependency expressed through constructor parameter 1; nested exception is org.springframework.beans.factory.NoUniqueBeanDefinitionException: No qualifying bean of type 'org.springframework.boot.autoconfigure.jdbc.DataSourceProperties' available: more than one 'primary' bean found among candidates: [dataSourcePropertiesP2PRead, dataSourcePropertiesUserSupportRead, dataSourcePropertiesUserSupportWrite, dataSourcePropertiesUserSupport, spring.datasource-org.springframework.boot.autoconfigure.jdbc.DataSourceProperties]
Caused by: org.springframework.beans.factory.UnsatisfiedDependencyException: Error creating bean with name 'sqlSessionTemplateUserSupportRead' defined in class path resource [com/facebank/usersupport/config/DataSourceUserPrimaryRead.class]: Unsatisfied dependency expressed through method 'sqlSessionTemplateUserPrimaryRead' parameter 0; nested exception is org.springframework.beans.factory.UnsatisfiedDependencyException: Error creating bean with name 'sqlSessionFactoryP2PRead' defined in class path resource [com/facebank/usersupport/config/DataSourceP2PPrimaryRead.class]: Unsatisfied dependency expressed through method 'sqlSessionFactoryUserPrimaryRead' parameter 0; nested exception is org.springframework.beans.factory.BeanCreationException: Error creating bean with name 'dsP2PRead' defined in class path resource [com/facebank/usersupport/config/DataSourceP2PPrimaryRead.class]: Initialization of bean failed; nested exception is org.springframework.beans.factory.UnsatisfiedDependencyException: Error creating bean with name 'org.springframework.boot.autoconfigure.jdbc.DataSourceInitializerInvoker': Unsatisfied dependency expressed through constructor parameter 1; nested exception is org.springframework.beans.factory.NoUniqueBeanDefinitionException: No qualifying bean of type 'org.springframework.boot.autoconfigure.jdbc.DataSourceProperties' available: more than one 'primary' bean found among candidates: [dataSourcePropertiesP2PRead, dataSourcePropertiesUserSupportRead, dataSourcePropertiesUserSupportWrite, dataSourcePropertiesUserSupport, spring.datasource-org.springframework.boot.autoconfigure.jdbc.DataSourceProperties]
Caused by: org.springframework.beans.factory.UnsatisfiedDependencyException: Error creating bean with name 'sqlSessionFactoryP2PRead' defined in class path resource [com/facebank/usersupport/config/DataSourceP2PPrimaryRead.class]: Unsatisfied dependency expressed through method 'sqlSessionFactoryUserPrimaryRead' parameter 0; nested exception is org.springframework.beans.factory.BeanCreationException: Error creating bean with name 'dsP2PRead' defined in class path resource [com/facebank/usersupport/config/DataSourceP2PPrimaryRead.class]: Initialization of bean failed; nested exception is org.springframework.beans.factory.UnsatisfiedDependencyException: Error creating bean with name 'org.springframework.boot.autoconfigure.jdbc.DataSourceInitializerInvoker': Unsatisfied dependency expressed through constructor parameter 1; nested exception is org.springframework.beans.factory.NoUniqueBeanDefinitionException: No qualifying bean of type 'org.springframework.boot.autoconfigure.jdbc.DataSourceProperties' available: more than one 'primary' bean found among candidates: [dataSourcePropertiesP2PRead, dataSourcePropertiesUserSupportRead, dataSourcePropertiesUserSupportWrite, dataSourcePropertiesUserSupport, spring.datasource-org.springframework.boot.autoconfigure.jdbc.DataSourceProperties]
Caused by: org.springframework.beans.factory.BeanCreationException: Error creating bean with name 'dsP2PRead' defined in class path resource [com/facebank/usersupport/config/DataSourceP2PPrimaryRead.class]: Initialization of bean failed; nested exception is org.springframework.beans.factory.UnsatisfiedDependencyException: Error creating bean with name 'org.springframework.boot.autoconfigure.jdbc.DataSourceInitializerInvoker': Unsatisfied dependency expressed through constructor parameter 1; nested exception is org.springframework.beans.factory.NoUniqueBeanDefinitionException: No qualifying bean of type 'org.springframework.boot.autoconfigure.jdbc.DataSourceProperties' available: more than one 'primary' bean found among candidates: [dataSourcePropertiesP2PRead, dataSourcePropertiesUserSupportRead, dataSourcePropertiesUserSupportWrite, dataSourcePropertiesUserSupport, spring.datasource-org.springframework.boot.autoconfigure.jdbc.DataSourceProperties]
Caused by: org.springframework.beans.factory.UnsatisfiedDependencyException: Error creating bean with name 'org.springframework.boot.autoconfigure.jdbc.DataSourceInitializerInvoker': Unsatisfied dependency expressed through constructor parameter 1; nested exception is org.springframework.beans.factory.NoUniqueBeanDefinitionException: No qualifying bean of type 'org.springframework.boot.autoconfigure.jdbc.DataSourceProperties' available: more than one 'primary' bean found among candidates: [dataSourcePropertiesP2PRead, dataSourcePropertiesUserSupportRead, dataSourcePropertiesUserSupportWrite, dataSourcePropertiesUserSupport, spring.datasource-org.springframework.boot.autoconfigure.jdbc.DataSourceProperties]
Caused by: org.springframework.beans.factory.NoUniqueBeanDefinitionException: No qualifying bean of type 'org.springframework.boot.autoconfigure.jdbc.DataSourceProperties' available: more than one 'primary' bean found among candidates: [dataSourcePropertiesP2PRead, dataSourcePropertiesUserSupportRead, dataSourcePropertiesUserSupportWrite, dataSourcePropertiesUserSupport, spring.datasource-org.springframework.boot.autoconfigure.jdbc.DataSourceProperties]

